<?xml version="1.0" encoding="UTF-8"?>
<testsuite name="academy.digitallab.store.customer.CustomerServiceApplicationTests" tests="1" skipped="0" failures="0" errors="0" timestamp="2020-11-17T22:08:49" hostname="DESKTOP-R79JP18" time="0.214">
  <properties/>
  <testcase name="contextLoads()" classname="academy.digitallab.store.customer.CustomerServiceApplicationTests" time="0.214"/>
  <system-out><![CDATA[17:08:39.551 [Test worker] DEBUG org.springframework.test.context.BootstrapUtils - Instantiating CacheAwareContextLoaderDelegate from class [org.springframework.test.context.cache.DefaultCacheAwareContextLoaderDelegate]
17:08:39.581 [Test worker] DEBUG org.springframework.test.context.BootstrapUtils - Instantiating BootstrapContext using constructor [public org.springframework.test.context.support.DefaultBootstrapContext(java.lang.Class,org.springframework.test.context.CacheAwareContextLoaderDelegate)]
17:08:39.658 [Test worker] DEBUG org.springframework.test.context.BootstrapUtils - Instantiating TestContextBootstrapper for test class [academy.digitallab.store.customer.CustomerServiceApplicationTests] from class [org.springframework.boot.test.context.SpringBootTestContextBootstrapper]
17:08:39.684 [Test worker] INFO org.springframework.boot.test.context.SpringBootTestContextBootstrapper - Neither @ContextConfiguration nor @ContextHierarchy found for test class [academy.digitallab.store.customer.CustomerServiceApplicationTests], using SpringBootContextLoader
17:08:39.698 [Test worker] DEBUG org.springframework.test.context.support.AbstractContextLoader - Did not detect default resource location for test class [academy.digitallab.store.customer.CustomerServiceApplicationTests]: class path resource [academy/digitallab/store/customer/CustomerServiceApplicationTests-context.xml] does not exist
17:08:39.699 [Test worker] DEBUG org.springframework.test.context.support.AbstractContextLoader - Did not detect default resource location for test class [academy.digitallab.store.customer.CustomerServiceApplicationTests]: class path resource [academy/digitallab/store/customer/CustomerServiceApplicationTestsContext.groovy] does not exist
17:08:39.705 [Test worker] INFO org.springframework.test.context.support.AbstractContextLoader - Could not detect default resource locations for test class [academy.digitallab.store.customer.CustomerServiceApplicationTests]: no resource found for suffixes {-context.xml, Context.groovy}.
17:08:39.710 [Test worker] INFO org.springframework.test.context.support.AnnotationConfigContextLoaderUtils - Could not detect default configuration classes for test class [academy.digitallab.store.customer.CustomerServiceApplicationTests]: CustomerServiceApplicationTests does not declare any static, non-private, non-final, nested classes annotated with @Configuration.
17:08:39.798 [Test worker] DEBUG org.springframework.test.context.support.ActiveProfilesUtils - Could not find an 'annotation declaring class' for annotation type [org.springframework.test.context.ActiveProfiles] and class [academy.digitallab.store.customer.CustomerServiceApplicationTests]
17:08:39.982 [Test worker] DEBUG org.springframework.context.annotation.ClassPathScanningCandidateComponentProvider - Identified candidate component class: file [D:\Documentos\Programación\Spring\Microservicios\customer-service\build\classes\java\main\academy\digitallab\store\customer\CustomerServiceApplication.class]
17:08:39.988 [Test worker] INFO org.springframework.boot.test.context.SpringBootTestContextBootstrapper - Found @SpringBootConfiguration academy.digitallab.store.customer.CustomerServiceApplication for test class academy.digitallab.store.customer.CustomerServiceApplicationTests
17:08:40.213 [Test worker] DEBUG org.springframework.boot.test.context.SpringBootTestContextBootstrapper - @TestExecutionListeners is not present for class [academy.digitallab.store.customer.CustomerServiceApplicationTests]: using defaults.
17:08:40.214 [Test worker] INFO org.springframework.boot.test.context.SpringBootTestContextBootstrapper - Loaded default TestExecutionListener class names from location [META-INF/spring.factories]: [org.springframework.boot.test.autoconfigure.restdocs.RestDocsTestExecutionListener, org.springframework.boot.test.autoconfigure.web.client.MockRestServiceServerResetTestExecutionListener, org.springframework.boot.test.autoconfigure.web.servlet.MockMvcPrintOnlyOnFailureTestExecutionListener, org.springframework.boot.test.autoconfigure.web.servlet.WebDriverTestExecutionListener, org.springframework.boot.test.autoconfigure.webservices.client.MockWebServiceServerTestExecutionListener, org.springframework.boot.test.mock.mockito.MockitoTestExecutionListener, org.springframework.boot.test.mock.mockito.ResetMocksTestExecutionListener, org.springframework.test.context.web.ServletTestExecutionListener, org.springframework.test.context.support.DirtiesContextBeforeModesTestExecutionListener, org.springframework.test.context.support.DependencyInjectionTestExecutionListener, org.springframework.test.context.support.DirtiesContextTestExecutionListener, org.springframework.test.context.transaction.TransactionalTestExecutionListener, org.springframework.test.context.jdbc.SqlScriptsTestExecutionListener, org.springframework.test.context.event.EventPublishingTestExecutionListener]
17:08:40.247 [Test worker] INFO org.springframework.boot.test.context.SpringBootTestContextBootstrapper - Using TestExecutionListeners: [org.springframework.test.context.web.ServletTestExecutionListener@612e7b31, org.springframework.test.context.support.DirtiesContextBeforeModesTestExecutionListener@77d068c9, org.springframework.boot.test.mock.mockito.MockitoTestExecutionListener@40146653, org.springframework.boot.test.autoconfigure.SpringBootDependencyInjectionTestExecutionListener@622648a8, org.springframework.test.context.support.DirtiesContextTestExecutionListener@70c3502e, org.springframework.test.context.transaction.TransactionalTestExecutionListener@421f8df, org.springframework.test.context.jdbc.SqlScriptsTestExecutionListener@67e430f6, org.springframework.test.context.event.EventPublishingTestExecutionListener@375757aa, org.springframework.boot.test.autoconfigure.restdocs.RestDocsTestExecutionListener@5dff234e, org.springframework.boot.test.autoconfigure.web.client.MockRestServiceServerResetTestExecutionListener@5693cf2e, org.springframework.boot.test.autoconfigure.web.servlet.MockMvcPrintOnlyOnFailureTestExecutionListener@10b6368a, org.springframework.boot.test.autoconfigure.web.servlet.WebDriverTestExecutionListener@1d51c931, org.springframework.boot.test.autoconfigure.webservices.client.MockWebServiceServerTestExecutionListener@39106c86, org.springframework.boot.test.mock.mockito.ResetMocksTestExecutionListener@71b23e35]
17:08:40.253 [Test worker] DEBUG org.springframework.test.context.support.AbstractDirtiesContextTestExecutionListener - Before test class: context [DefaultTestContext@3b9d5a59 testClass = CustomerServiceApplicationTests, testInstance = [null], testMethod = [null], testException = [null], mergedContextConfiguration = [WebMergedContextConfiguration@c8d414d testClass = CustomerServiceApplicationTests, locations = '{}', classes = '{class academy.digitallab.store.customer.CustomerServiceApplication}', contextInitializerClasses = '[]', activeProfiles = '{}', propertySourceLocations = '{}', propertySourceProperties = '{org.springframework.boot.test.context.SpringBootTestContextBootstrapper=true}', contextCustomizers = set[org.springframework.boot.test.autoconfigure.actuate.metrics.MetricsExportContextCustomizerFactory$DisableMetricExportContextCustomizer@204c8c18, org.springframework.boot.test.autoconfigure.properties.PropertyMappingContextCustomizer@0, org.springframework.boot.test.autoconfigure.web.servlet.WebDriverContextCustomizerFactory$Customizer@36b02fee, org.springframework.boot.test.context.filter.ExcludeFilterContextCustomizer@5eb148c5, org.springframework.boot.test.json.DuplicateJsonObjectContextCustomizerFactory$DuplicateJsonObjectContextCustomizer@58ff4e09, org.springframework.boot.test.mock.mockito.MockitoContextCustomizer@0, org.springframework.boot.test.web.client.TestRestTemplateContextCustomizer@e943381, org.springframework.boot.test.web.reactive.server.WebTestClientContextCustomizer@77e3763c, org.springframework.boot.test.context.SpringBootTestArgs@1, org.springframework.boot.test.context.SpringBootTestWebEnvironment@1cab17ff], resourceBasePath = 'src/main/webapp', contextLoader = 'org.springframework.boot.test.context.SpringBootContextLoader', parent = [null]], attributes = map['org.springframework.test.context.web.ServletTestExecutionListener.activateListener' -> true]], class annotated with @DirtiesContext [false] with mode [null].
17:08:40.320 [Test worker] DEBUG org.springframework.test.context.support.TestPropertySourceUtils - Adding inlined properties to environment: {spring.jmx.enabled=false, org.springframework.boot.test.context.SpringBootTestContextBootstrapper=true}

  .   ____          _            __ _ _
 /\\ / ___'_ __ _ _(_)_ __  __ _ \ \ \ \
( ( )\___ | '_ | '_| | '_ \/ _` | \ \ \ \
 \\/  ___)| |_)| | | | | || (_| |  ) ) ) )
  '  |____| .__|_| |_|_| |_\__, | / / / /
 =========|_|==============|___/=/_/_/_/
 :: Spring Boot ::                (v2.4.0)

2020-11-17 17:08:41 - INFO Starting CustomerServiceApplicationTests using Java 11.0.8 on DESKTOP-R79JP18 with PID 6176 (started by MSI in D:\Documentos\Programación\Spring\Microservicios\customer-service)
2020-11-17 17:08:41 - INFO No active profile set, falling back to default profiles: default
2020-11-17 17:08:42 - INFO Bootstrapping Spring Data JPA repositories in DEFERRED mode.
2020-11-17 17:08:42 - INFO Finished Spring Data repository scanning in 92 ms. Found 1 JPA repository interfaces.
2020-11-17 17:08:43 - INFO Initializing ExecutorService 'applicationTaskExecutor'
2020-11-17 17:08:44 - INFO HHH000204: Processing PersistenceUnitInfo [name: default]
2020-11-17 17:08:44 - INFO HHH000412: Hibernate ORM core version 5.4.23.Final
2020-11-17 17:08:44 - WARN spring.jpa.open-in-view is enabled by default. Therefore, database queries may be performed during view rendering. Explicitly configure spring.jpa.open-in-view to disable this warning
2020-11-17 17:08:45 - INFO HCANN000001: Hibernate Commons Annotations {5.1.2.Final}
2020-11-17 17:08:45 - INFO HikariPool-1 - Starting...
2020-11-17 17:08:46 - INFO HikariPool-1 - Start completed.
2020-11-17 17:08:46 - INFO H2 console available at '/h2-console'. Database available at 'jdbc:h2:mem:customerDB'
2020-11-17 17:08:46 - INFO HHH000400: Using dialect: org.hibernate.dialect.H2Dialect
2020-11-17 17:08:47 - INFO Triggering deferred initialization of Spring Data repositories…
Hibernate: create table tbl_customers (id bigint generated by default as identity, email varchar(255) not null, firt_name varchar(255) not null, last_name varchar(255) not null, number_id varchar(16) not null, photo_url varchar(255), state varchar(255), category_id bigint not null, primary key (id))
Hibernate: create table tbl_regions (id bigint generated by default as identity, name varchar(255), primary key (id))
Hibernate: alter table tbl_customers drop constraint if exists UK_stkq5u6duxakrix9jkjwoi2x3
Hibernate: alter table tbl_customers add constraint UK_stkq5u6duxakrix9jkjwoi2x3 unique (email)
Hibernate: alter table tbl_customers drop constraint if exists UK_2b8ldkyry4vhhstdf5mxai172
Hibernate: alter table tbl_customers add constraint UK_2b8ldkyry4vhhstdf5mxai172 unique (number_id)
Hibernate: alter table tbl_customers add constraint FK7xorik3j5hgj4lnwr6jn4w6sa foreign key (category_id) references tbl_regions
2020-11-17 17:08:49 - INFO HHH000490: Using JtaPlatform implementation: [org.hibernate.engine.transaction.jta.platform.internal.NoJtaPlatform]
2020-11-17 17:08:49 - INFO Initialized JPA EntityManagerFactory for persistence unit 'default'
2020-11-17 17:08:49 - INFO Spring Data repositories initialized!
2020-11-17 17:08:49 - INFO Started CustomerServiceApplicationTests in 9.603 seconds (JVM running for 13.068)
]]></system-out>
  <system-err><![CDATA[]]></system-err>
</testsuite>
